Analysis & Synthesis report for riscvpc
Tue Nov  4 19:21:39 2025
Quartus Prime Version 24.1std.0 Build 1077 03/04/2025 SC Lite Edition


---------------------
; Table of Contents ;
---------------------
  1. Legal Notice
  2. Analysis & Synthesis Summary
  3. Analysis & Synthesis Settings
  4. Parallel Compilation
  5. Analysis & Synthesis Source Files Read
  6. Analysis & Synthesis Resource Usage Summary
  7. Analysis & Synthesis Resource Utilization by Entity
  8. Registers Removed During Synthesis
  9. Removed Registers Triggering Further Register Optimizations
 10. General Register Statistics
 11. Multiplexer Restructuring Statistics (Restructuring Performed)
 12. Port Connectivity Checks: "display_mux:mux_display"
 13. Port Connectivity Checks: "alu:unidad_alu"
 14. Post-Synthesis Netlist Statistics for Top Partition
 15. Elapsed Time Per Partition
 16. Analysis & Synthesis Messages



----------------
; Legal Notice ;
----------------
Copyright (C) 2025  Altera Corporation. All rights reserved.
Your use of Altera Corporation's design tools, logic functions 
and other software and tools, and any partner logic 
functions, and any output files from any of the foregoing 
(including device programming or simulation files), and any 
associated documentation or information are expressly subject 
to the terms and conditions of the Altera Program License 
Subscription Agreement, the Altera Quartus Prime License Agreement,
the Altera IP License Agreement, or other applicable license
agreement, including, without limitation, that your use is for
the sole purpose of programming logic devices manufactured by
Altera and sold by Altera or its authorized distributors.  Please
refer to the Altera Software License Subscription Agreements 
on the Quartus Prime software download page.



+-----------------------------------------------------------------------------------+
; Analysis & Synthesis Summary                                                      ;
+---------------------------------+-------------------------------------------------+
; Analysis & Synthesis Status     ; Successful - Tue Nov  4 19:21:39 2025           ;
; Quartus Prime Version           ; 24.1std.0 Build 1077 03/04/2025 SC Lite Edition ;
; Revision Name                   ; riscvpc                                         ;
; Top-level Entity Name           ; top_level                                       ;
; Family                          ; Cyclone V                                       ;
; Logic utilization (in ALMs)     ; N/A                                             ;
; Total registers                 ; 3062                                            ;
; Total pins                      ; 56                                              ;
; Total virtual pins              ; 0                                               ;
; Total block memory bits         ; 0                                               ;
; Total DSP Blocks                ; 0                                               ;
; Total HSSI RX PCSs              ; 0                                               ;
; Total HSSI PMA RX Deserializers ; 0                                               ;
; Total HSSI TX PCSs              ; 0                                               ;
; Total HSSI PMA TX Serializers   ; 0                                               ;
; Total PLLs                      ; 0                                               ;
; Total DLLs                      ; 0                                               ;
+---------------------------------+-------------------------------------------------+


+---------------------------------------------------------------------------------------------------------------------------+
; Analysis & Synthesis Settings                                                                                             ;
+---------------------------------------------------------------------------------+--------------------+--------------------+
; Option                                                                          ; Setting            ; Default Value      ;
+---------------------------------------------------------------------------------+--------------------+--------------------+
; Device                                                                          ; 5CSEMA5F31C6       ;                    ;
; Top-level entity name                                                           ; top_level          ; riscvpc            ;
; Family name                                                                     ; Cyclone V          ; Cyclone V          ;
; Use smart compilation                                                           ; Off                ; Off                ;
; Enable parallel Assembler and Timing Analyzer during compilation                ; On                 ; On                 ;
; Enable compact report table                                                     ; Off                ; Off                ;
; Restructure Multiplexers                                                        ; Auto               ; Auto               ;
; MLAB Add Timing Constraints For Mixed-Port Feed-Through Mode Setting Don't Care ; Off                ; Off                ;
; Create Debugging Nodes for IP Cores                                             ; Off                ; Off                ;
; Preserve fewer node names                                                       ; On                 ; On                 ;
; Intel FPGA IP Evaluation Mode                                                   ; Enable             ; Enable             ;
; Verilog Version                                                                 ; Verilog_2001       ; Verilog_2001       ;
; VHDL Version                                                                    ; VHDL_1993          ; VHDL_1993          ;
; State Machine Processing                                                        ; Auto               ; Auto               ;
; Safe State Machine                                                              ; Off                ; Off                ;
; Extract Verilog State Machines                                                  ; On                 ; On                 ;
; Extract VHDL State Machines                                                     ; On                 ; On                 ;
; Ignore Verilog initial constructs                                               ; Off                ; Off                ;
; Iteration limit for constant Verilog loops                                      ; 5000               ; 5000               ;
; Iteration limit for non-constant Verilog loops                                  ; 250                ; 250                ;
; Add Pass-Through Logic to Inferred RAMs                                         ; On                 ; On                 ;
; Infer RAMs from Raw Logic                                                       ; On                 ; On                 ;
; Parallel Synthesis                                                              ; On                 ; On                 ;
; DSP Block Balancing                                                             ; Auto               ; Auto               ;
; NOT Gate Push-Back                                                              ; On                 ; On                 ;
; Power-Up Don't Care                                                             ; On                 ; On                 ;
; Remove Redundant Logic Cells                                                    ; Off                ; Off                ;
; Remove Duplicate Registers                                                      ; On                 ; On                 ;
; Ignore CARRY Buffers                                                            ; Off                ; Off                ;
; Ignore CASCADE Buffers                                                          ; Off                ; Off                ;
; Ignore GLOBAL Buffers                                                           ; Off                ; Off                ;
; Ignore ROW GLOBAL Buffers                                                       ; Off                ; Off                ;
; Ignore LCELL Buffers                                                            ; Off                ; Off                ;
; Ignore SOFT Buffers                                                             ; On                 ; On                 ;
; Limit AHDL Integers to 32 Bits                                                  ; Off                ; Off                ;
; Optimization Technique                                                          ; Balanced           ; Balanced           ;
; Carry Chain Length                                                              ; 70                 ; 70                 ;
; Auto Carry Chains                                                               ; On                 ; On                 ;
; Auto Open-Drain Pins                                                            ; On                 ; On                 ;
; Perform WYSIWYG Primitive Resynthesis                                           ; Off                ; Off                ;
; Auto ROM Replacement                                                            ; On                 ; On                 ;
; Auto RAM Replacement                                                            ; On                 ; On                 ;
; Auto DSP Block Replacement                                                      ; On                 ; On                 ;
; Auto Shift Register Replacement                                                 ; Auto               ; Auto               ;
; Allow Shift Register Merging across Hierarchies                                 ; Auto               ; Auto               ;
; Auto Clock Enable Replacement                                                   ; On                 ; On                 ;
; Strict RAM Replacement                                                          ; Off                ; Off                ;
; Allow Synchronous Control Signals                                               ; On                 ; On                 ;
; Force Use of Synchronous Clear Signals                                          ; Off                ; Off                ;
; Auto Resource Sharing                                                           ; Off                ; Off                ;
; Allow Any RAM Size For Recognition                                              ; Off                ; Off                ;
; Allow Any ROM Size For Recognition                                              ; Off                ; Off                ;
; Allow Any Shift Register Size For Recognition                                   ; Off                ; Off                ;
; Use LogicLock Constraints during Resource Balancing                             ; On                 ; On                 ;
; Ignore translate_off and synthesis_off directives                               ; Off                ; Off                ;
; Timing-Driven Synthesis                                                         ; On                 ; On                 ;
; Report Parameter Settings                                                       ; On                 ; On                 ;
; Report Source Assignments                                                       ; On                 ; On                 ;
; Report Connectivity Checks                                                      ; On                 ; On                 ;
; Ignore Maximum Fan-Out Assignments                                              ; Off                ; Off                ;
; Synchronization Register Chain Length                                           ; 3                  ; 3                  ;
; Power Optimization During Synthesis                                             ; Normal compilation ; Normal compilation ;
; HDL message level                                                               ; Level2             ; Level2             ;
; Suppress Register Optimization Related Messages                                 ; Off                ; Off                ;
; Number of Removed Registers Reported in Synthesis Report                        ; 5000               ; 5000               ;
; Number of Swept Nodes Reported in Synthesis Report                              ; 5000               ; 5000               ;
; Number of Inverted Registers Reported in Synthesis Report                       ; 100                ; 100                ;
; Clock MUX Protection                                                            ; On                 ; On                 ;
; Auto Gated Clock Conversion                                                     ; Off                ; Off                ;
; Block Design Naming                                                             ; Auto               ; Auto               ;
; SDC constraint protection                                                       ; Off                ; Off                ;
; Synthesis Effort                                                                ; Auto               ; Auto               ;
; Shift Register Replacement - Allow Asynchronous Clear Signal                    ; On                 ; On                 ;
; Pre-Mapping Resynthesis Optimization                                            ; Off                ; Off                ;
; Analysis & Synthesis Message Level                                              ; Medium             ; Medium             ;
; Disable Register Merging Across Hierarchies                                     ; Auto               ; Auto               ;
; Resource Aware Inference For Block RAM                                          ; On                 ; On                 ;
; Automatic Parallel Synthesis                                                    ; On                 ; On                 ;
; Partial Reconfiguration Bitstream ID                                            ; Off                ; Off                ;
+---------------------------------------------------------------------------------+--------------------+--------------------+


+------------------------------------------+
; Parallel Compilation                     ;
+----------------------------+-------------+
; Processors                 ; Number      ;
+----------------------------+-------------+
; Number detected on machine ; 12          ;
; Maximum allowed            ; 8           ;
;                            ;             ;
; Average used               ; 1.00        ;
; Maximum used               ; 8           ;
;                            ;             ;
; Usage by Processor         ; % Time Used ;
;     Processor 1            ; 100.0%      ;
;     Processor 2            ;   0.0%      ;
;     Processor 3            ;   0.0%      ;
;     Processor 4            ;   0.0%      ;
;     Processor 5            ;   0.0%      ;
;     Processor 6            ;   0.0%      ;
;     Processor 7            ;   0.0%      ;
;     Processor 8            ;   0.0%      ;
+----------------------------+-------------+


+-------------------------------------------------------------------------------------------------------------------------------------------------------------------------------+
; Analysis & Synthesis Source Files Read                                                                                                                                        ;
+----------------------------------+-----------------+------------------------------------+---------------------------------------------------------------------------+---------+
; File Name with User-Entered Path ; Used in Netlist ; File Type                          ; File Name with Absolute Path                                              ; Library ;
+----------------------------------+-----------------+------------------------------------+---------------------------------------------------------------------------+---------+
; top_level.sv                     ; yes             ; User SystemVerilog HDL File        ; C:/Users/santi/is614-/single-cycles1/single-cycles/top_level.sv           ;         ;
; hex7seg.sv                       ; yes             ; User SystemVerilog HDL File        ; C:/Users/santi/is614-/single-cycles1/single-cycles/hex7seg.sv             ;         ;
; program_counter.sv               ; yes             ; Auto-Found SystemVerilog HDL File  ; C:/Users/santi/is614-/single-cycles1/single-cycles/program_counter.sv     ;         ;
; instruction_memory.sv            ; yes             ; Auto-Found SystemVerilog HDL File  ; C:/Users/santi/is614-/single-cycles1/single-cycles/instruction_memory.sv  ;         ;
; program.bin                      ; yes             ; Auto-Found Unspecified File        ; C:/Users/santi/is614-/single-cycles1/single-cycles/program.bin            ;         ;
; control_unit.sv                  ; yes             ; Auto-Found SystemVerilog HDL File  ; C:/Users/santi/is614-/single-cycles1/single-cycles/control_unit.sv        ;         ;
; register_file.sv                 ; yes             ; Auto-Found SystemVerilog HDL File  ; C:/Users/santi/is614-/single-cycles1/single-cycles/register_file.sv       ;         ;
; immediate_generator.sv           ; yes             ; Auto-Found SystemVerilog HDL File  ; C:/Users/santi/is614-/single-cycles1/single-cycles/immediate_generator.sv ;         ;
; alu.sv                           ; yes             ; Auto-Found SystemVerilog HDL File  ; C:/Users/santi/is614-/single-cycles1/single-cycles/alu.sv                 ;         ;
; data_memory.sv                   ; yes             ; Auto-Found SystemVerilog HDL File  ; C:/Users/santi/is614-/single-cycles1/single-cycles/data_memory.sv         ;         ;
; display_mux.sv                   ; yes             ; Auto-Found SystemVerilog HDL File  ; C:/Users/santi/is614-/single-cycles1/single-cycles/display_mux.sv         ;         ;
+----------------------------------+-----------------+------------------------------------+---------------------------------------------------------------------------+---------+


+---------------------------------------------------------+
; Analysis & Synthesis Resource Usage Summary             ;
+---------------------------------------------+-----------+
; Resource                                    ; Usage     ;
+---------------------------------------------+-----------+
; Estimate of Logic utilization (ALMs needed) ; 4792      ;
;                                             ;           ;
; Combinational ALUT usage for logic          ; 5443      ;
;     -- 7 input functions                    ; 23        ;
;     -- 6 input functions                    ; 4010      ;
;     -- 5 input functions                    ; 810       ;
;     -- 4 input functions                    ; 269       ;
;     -- <=3 input functions                  ; 331       ;
;                                             ;           ;
; Dedicated logic registers                   ; 3062      ;
;                                             ;           ;
; I/O pins                                    ; 56        ;
;                                             ;           ;
; Total DSP Blocks                            ; 0         ;
;                                             ;           ;
; Maximum fan-out node                        ; clk~input ;
; Maximum fan-out                             ; 3062      ;
; Total fan-out                               ; 40620     ;
; Average fan-out                             ; 4.71      ;
+---------------------------------------------+-----------+


+-------------------------------------------------------------------------------------------------------------------------------------------------------------------------------------------------------------------------------------------+
; Analysis & Synthesis Resource Utilization by Entity                                                                                                                                                                                       ;
+-------------------------------------------+---------------------+---------------------------+-------------------+------------+------+--------------+-------------------------------------------------+---------------------+--------------+
; Compilation Hierarchy Node                ; Combinational ALUTs ; Dedicated Logic Registers ; Block Memory Bits ; DSP Blocks ; Pins ; Virtual Pins ; Full Hierarchy Name                             ; Entity Name         ; Library Name ;
+-------------------------------------------+---------------------+---------------------------+-------------------+------------+------+--------------+-------------------------------------------------+---------------------+--------------+
; |top_level                                ; 5443 (209)          ; 3062 (0)                  ; 0                 ; 0          ; 56   ; 0            ; |top_level                                      ; top_level           ; work         ;
;    |alu:unidad_alu|                       ; 400 (400)           ; 0 (0)                     ; 0                 ; 0          ; 0    ; 0            ; |top_level|alu:unidad_alu                       ; alu                 ; work         ;
;    |control_unit:unidad_control|          ; 5 (5)               ; 0 (0)                     ; 0                 ; 0          ; 0    ; 0            ; |top_level|control_unit:unidad_control          ; control_unit        ; work         ;
;    |data_memory:mem_datos|                ; 3896 (3896)         ; 2048 (2048)               ; 0                 ; 0          ; 0    ; 0            ; |top_level|data_memory:mem_datos                ; data_memory         ; work         ;
;    |display_mux:mux_display|              ; 24 (24)             ; 0 (0)                     ; 0                 ; 0          ; 0    ; 0            ; |top_level|display_mux:mux_display              ; display_mux         ; work         ;
;    |hex7seg:seg0|                         ; 7 (7)               ; 0 (0)                     ; 0                 ; 0          ; 0    ; 0            ; |top_level|hex7seg:seg0                         ; hex7seg             ; work         ;
;    |hex7seg:seg1|                         ; 7 (7)               ; 0 (0)                     ; 0                 ; 0          ; 0    ; 0            ; |top_level|hex7seg:seg1                         ; hex7seg             ; work         ;
;    |hex7seg:seg2|                         ; 7 (7)               ; 0 (0)                     ; 0                 ; 0          ; 0    ; 0            ; |top_level|hex7seg:seg2                         ; hex7seg             ; work         ;
;    |hex7seg:seg3|                         ; 7 (7)               ; 0 (0)                     ; 0                 ; 0          ; 0    ; 0            ; |top_level|hex7seg:seg3                         ; hex7seg             ; work         ;
;    |hex7seg:seg4|                         ; 7 (7)               ; 0 (0)                     ; 0                 ; 0          ; 0    ; 0            ; |top_level|hex7seg:seg4                         ; hex7seg             ; work         ;
;    |hex7seg:seg5|                         ; 7 (7)               ; 0 (0)                     ; 0                 ; 0          ; 0    ; 0            ; |top_level|hex7seg:seg5                         ; hex7seg             ; work         ;
;    |immediate_generator:gen_inmediato|    ; 14 (14)             ; 0 (0)                     ; 0                 ; 0          ; 0    ; 0            ; |top_level|immediate_generator:gen_inmediato    ; immediate_generator ; work         ;
;    |instruction_memory:mem_instrucciones| ; 60 (60)             ; 0 (0)                     ; 0                 ; 0          ; 0    ; 0            ; |top_level|instruction_memory:mem_instrucciones ; instruction_memory  ; work         ;
;    |program_counter:contador_prog|        ; 1 (1)               ; 22 (22)                   ; 0                 ; 0          ; 0    ; 0            ; |top_level|program_counter:contador_prog        ; program_counter     ; work         ;
;    |register_file:banco_registros|        ; 792 (792)           ; 992 (992)                 ; 0                 ; 0          ; 0    ; 0            ; |top_level|register_file:banco_registros        ; register_file       ; work         ;
+-------------------------------------------+---------------------+---------------------------+-------------------+------------+------+--------------+-------------------------------------------------+---------------------+--------------+
Note: For table entries with two numbers listed, the numbers in parentheses indicate the number of resources of the given type used by the specific entity alone. The numbers listed outside of parentheses indicate the total resources of the given type used by the specific entity and all of its sub-entities in the hierarchy.


+---------------------------------------------------------------------------------------------+
; Registers Removed During Synthesis                                                          ;
+-------------------------------------------+-------------------------------------------------+
; Register name                             ; Reason for Removal                              ;
+-------------------------------------------+-------------------------------------------------+
; program_counter:contador_prog|pc[1]       ; Merged with program_counter:contador_prog|pc[0] ;
; program_counter:contador_prog|pc[0]       ; Stuck at GND due to stuck port data_in          ;
; register_file:banco_registros|regs[0][31] ; Stuck at GND due to stuck port clock_enable     ;
; register_file:banco_registros|regs[0][30] ; Stuck at GND due to stuck port clock_enable     ;
; register_file:banco_registros|regs[0][29] ; Stuck at GND due to stuck port clock_enable     ;
; register_file:banco_registros|regs[0][28] ; Stuck at GND due to stuck port clock_enable     ;
; register_file:banco_registros|regs[0][27] ; Stuck at GND due to stuck port clock_enable     ;
; register_file:banco_registros|regs[0][26] ; Stuck at GND due to stuck port clock_enable     ;
; register_file:banco_registros|regs[0][25] ; Stuck at GND due to stuck port clock_enable     ;
; register_file:banco_registros|regs[0][24] ; Stuck at GND due to stuck port clock_enable     ;
; register_file:banco_registros|regs[0][23] ; Stuck at GND due to stuck port clock_enable     ;
; register_file:banco_registros|regs[0][22] ; Stuck at GND due to stuck port clock_enable     ;
; register_file:banco_registros|regs[0][21] ; Stuck at GND due to stuck port clock_enable     ;
; register_file:banco_registros|regs[0][20] ; Stuck at GND due to stuck port clock_enable     ;
; register_file:banco_registros|regs[0][19] ; Stuck at GND due to stuck port clock_enable     ;
; register_file:banco_registros|regs[0][18] ; Stuck at GND due to stuck port clock_enable     ;
; register_file:banco_registros|regs[0][17] ; Stuck at GND due to stuck port clock_enable     ;
; register_file:banco_registros|regs[0][16] ; Stuck at GND due to stuck port clock_enable     ;
; register_file:banco_registros|regs[0][15] ; Stuck at GND due to stuck port clock_enable     ;
; register_file:banco_registros|regs[0][14] ; Stuck at GND due to stuck port clock_enable     ;
; register_file:banco_registros|regs[0][13] ; Stuck at GND due to stuck port clock_enable     ;
; register_file:banco_registros|regs[0][12] ; Stuck at GND due to stuck port clock_enable     ;
; register_file:banco_registros|regs[0][11] ; Stuck at GND due to stuck port clock_enable     ;
; register_file:banco_registros|regs[0][10] ; Stuck at GND due to stuck port clock_enable     ;
; register_file:banco_registros|regs[0][9]  ; Stuck at GND due to stuck port clock_enable     ;
; register_file:banco_registros|regs[0][8]  ; Stuck at GND due to stuck port clock_enable     ;
; register_file:banco_registros|regs[0][7]  ; Stuck at GND due to stuck port clock_enable     ;
; register_file:banco_registros|regs[0][6]  ; Stuck at GND due to stuck port clock_enable     ;
; register_file:banco_registros|regs[0][5]  ; Stuck at GND due to stuck port clock_enable     ;
; register_file:banco_registros|regs[0][4]  ; Stuck at GND due to stuck port clock_enable     ;
; register_file:banco_registros|regs[0][3]  ; Stuck at GND due to stuck port clock_enable     ;
; register_file:banco_registros|regs[0][2]  ; Stuck at GND due to stuck port clock_enable     ;
; register_file:banco_registros|regs[0][1]  ; Stuck at GND due to stuck port clock_enable     ;
; register_file:banco_registros|regs[0][0]  ; Stuck at GND due to stuck port clock_enable     ;
; program_counter:contador_prog|pc[24..31]  ; Lost fanout                                     ;
; Total Number of Removed Registers = 42    ;                                                 ;
+-------------------------------------------+-------------------------------------------------+


+-------------------------------------------------------------------------------------------------------------------------+
; Removed Registers Triggering Further Register Optimizations                                                             ;
+-------------------------------------------+--------------------------------+--------------------------------------------+
; Register name                             ; Reason for Removal             ; Registers Removed due to This Register     ;
+-------------------------------------------+--------------------------------+--------------------------------------------+
; register_file:banco_registros|regs[0][31] ; Stuck at GND                   ; register_file:banco_registros|regs[0][30], ;
;                                           ; due to stuck port clock_enable ; register_file:banco_registros|regs[0][29]  ;
+-------------------------------------------+--------------------------------+--------------------------------------------+


+------------------------------------------------------+
; General Register Statistics                          ;
+----------------------------------------------+-------+
; Statistic                                    ; Value ;
+----------------------------------------------+-------+
; Total registers                              ; 3062  ;
; Number of registers using Synchronous Clear  ; 0     ;
; Number of registers using Synchronous Load   ; 8     ;
; Number of registers using Asynchronous Clear ; 1014  ;
; Number of registers using Asynchronous Load  ; 0     ;
; Number of registers using Clock Enable       ; 3040  ;
; Number of registers using Preset             ; 0     ;
+----------------------------------------------+-------+


+-----------------------------------------------------------------------------------------------------------------------------------------------------------------------+
; Multiplexer Restructuring Statistics (Restructuring Performed)                                                                                                        ;
+--------------------+-----------+---------------+----------------------+------------------------+------------+---------------------------------------------------------+
; Multiplexer Inputs ; Bus Width ; Baseline Area ; Area if Restructured ; Saving if Restructured ; Registered ; Example Multiplexer Output                              ;
+--------------------+-----------+---------------+----------------------+------------------------+------------+---------------------------------------------------------+
; 7:1                ; 8 bits    ; 32 LEs        ; 0 LEs                ; 32 LEs                 ; Yes        ; |top_level|data_memory:mem_datos|memoria[0][5]          ;
; 8:1                ; 8 bits    ; 40 LEs        ; 0 LEs                ; 40 LEs                 ; Yes        ; |top_level|data_memory:mem_datos|memoria[1][2]          ;
; 9:1                ; 8 bits    ; 48 LEs        ; 16 LEs               ; 32 LEs                 ; Yes        ; |top_level|data_memory:mem_datos|memoria[2][3]          ;
; 10:1               ; 8 bits    ; 48 LEs        ; 16 LEs               ; 32 LEs                 ; Yes        ; |top_level|data_memory:mem_datos|memoria[255][6]        ;
; 10:1               ; 8 bits    ; 48 LEs        ; 16 LEs               ; 32 LEs                 ; Yes        ; |top_level|data_memory:mem_datos|memoria[254][3]        ;
; 10:1               ; 8 bits    ; 48 LEs        ; 16 LEs               ; 32 LEs                 ; Yes        ; |top_level|data_memory:mem_datos|memoria[253][7]        ;
; 10:1               ; 8 bits    ; 48 LEs        ; 16 LEs               ; 32 LEs                 ; Yes        ; |top_level|data_memory:mem_datos|memoria[252][1]        ;
; 10:1               ; 8 bits    ; 48 LEs        ; 16 LEs               ; 32 LEs                 ; Yes        ; |top_level|data_memory:mem_datos|memoria[251][1]        ;
; 10:1               ; 8 bits    ; 48 LEs        ; 16 LEs               ; 32 LEs                 ; Yes        ; |top_level|data_memory:mem_datos|memoria[250][1]        ;
; 10:1               ; 8 bits    ; 48 LEs        ; 16 LEs               ; 32 LEs                 ; Yes        ; |top_level|data_memory:mem_datos|memoria[249][7]        ;
; 10:1               ; 8 bits    ; 48 LEs        ; 16 LEs               ; 32 LEs                 ; Yes        ; |top_level|data_memory:mem_datos|memoria[248][7]        ;
; 10:1               ; 8 bits    ; 48 LEs        ; 16 LEs               ; 32 LEs                 ; Yes        ; |top_level|data_memory:mem_datos|memoria[247][4]        ;
; 10:1               ; 8 bits    ; 48 LEs        ; 16 LEs               ; 32 LEs                 ; Yes        ; |top_level|data_memory:mem_datos|memoria[246][1]        ;
; 10:1               ; 8 bits    ; 48 LEs        ; 16 LEs               ; 32 LEs                 ; Yes        ; |top_level|data_memory:mem_datos|memoria[245][1]        ;
; 10:1               ; 8 bits    ; 48 LEs        ; 16 LEs               ; 32 LEs                 ; Yes        ; |top_level|data_memory:mem_datos|memoria[244][5]        ;
; 10:1               ; 8 bits    ; 48 LEs        ; 16 LEs               ; 32 LEs                 ; Yes        ; |top_level|data_memory:mem_datos|memoria[243][1]        ;
; 10:1               ; 8 bits    ; 48 LEs        ; 16 LEs               ; 32 LEs                 ; Yes        ; |top_level|data_memory:mem_datos|memoria[242][6]        ;
; 10:1               ; 8 bits    ; 48 LEs        ; 16 LEs               ; 32 LEs                 ; Yes        ; |top_level|data_memory:mem_datos|memoria[241][2]        ;
; 10:1               ; 8 bits    ; 48 LEs        ; 16 LEs               ; 32 LEs                 ; Yes        ; |top_level|data_memory:mem_datos|memoria[240][7]        ;
; 10:1               ; 8 bits    ; 48 LEs        ; 16 LEs               ; 32 LEs                 ; Yes        ; |top_level|data_memory:mem_datos|memoria[239][2]        ;
; 10:1               ; 8 bits    ; 48 LEs        ; 16 LEs               ; 32 LEs                 ; Yes        ; |top_level|data_memory:mem_datos|memoria[238][0]        ;
; 10:1               ; 8 bits    ; 48 LEs        ; 16 LEs               ; 32 LEs                 ; Yes        ; |top_level|data_memory:mem_datos|memoria[237][7]        ;
; 10:1               ; 8 bits    ; 48 LEs        ; 16 LEs               ; 32 LEs                 ; Yes        ; |top_level|data_memory:mem_datos|memoria[236][4]        ;
; 10:1               ; 8 bits    ; 48 LEs        ; 16 LEs               ; 32 LEs                 ; Yes        ; |top_level|data_memory:mem_datos|memoria[235][1]        ;
; 10:1               ; 8 bits    ; 48 LEs        ; 16 LEs               ; 32 LEs                 ; Yes        ; |top_level|data_memory:mem_datos|memoria[234][3]        ;
; 10:1               ; 8 bits    ; 48 LEs        ; 16 LEs               ; 32 LEs                 ; Yes        ; |top_level|data_memory:mem_datos|memoria[233][2]        ;
; 10:1               ; 8 bits    ; 48 LEs        ; 16 LEs               ; 32 LEs                 ; Yes        ; |top_level|data_memory:mem_datos|memoria[232][7]        ;
; 10:1               ; 8 bits    ; 48 LEs        ; 16 LEs               ; 32 LEs                 ; Yes        ; |top_level|data_memory:mem_datos|memoria[231][7]        ;
; 10:1               ; 8 bits    ; 48 LEs        ; 16 LEs               ; 32 LEs                 ; Yes        ; |top_level|data_memory:mem_datos|memoria[230][5]        ;
; 10:1               ; 8 bits    ; 48 LEs        ; 16 LEs               ; 32 LEs                 ; Yes        ; |top_level|data_memory:mem_datos|memoria[229][6]        ;
; 10:1               ; 8 bits    ; 48 LEs        ; 16 LEs               ; 32 LEs                 ; Yes        ; |top_level|data_memory:mem_datos|memoria[228][2]        ;
; 10:1               ; 8 bits    ; 48 LEs        ; 16 LEs               ; 32 LEs                 ; Yes        ; |top_level|data_memory:mem_datos|memoria[227][6]        ;
; 10:1               ; 8 bits    ; 48 LEs        ; 16 LEs               ; 32 LEs                 ; Yes        ; |top_level|data_memory:mem_datos|memoria[226][2]        ;
; 10:1               ; 8 bits    ; 48 LEs        ; 16 LEs               ; 32 LEs                 ; Yes        ; |top_level|data_memory:mem_datos|memoria[225][7]        ;
; 10:1               ; 8 bits    ; 48 LEs        ; 16 LEs               ; 32 LEs                 ; Yes        ; |top_level|data_memory:mem_datos|memoria[224][5]        ;
; 10:1               ; 8 bits    ; 48 LEs        ; 16 LEs               ; 32 LEs                 ; Yes        ; |top_level|data_memory:mem_datos|memoria[223][7]        ;
; 10:1               ; 8 bits    ; 48 LEs        ; 16 LEs               ; 32 LEs                 ; Yes        ; |top_level|data_memory:mem_datos|memoria[222][3]        ;
; 10:1               ; 8 bits    ; 48 LEs        ; 16 LEs               ; 32 LEs                 ; Yes        ; |top_level|data_memory:mem_datos|memoria[221][3]        ;
; 10:1               ; 8 bits    ; 48 LEs        ; 16 LEs               ; 32 LEs                 ; Yes        ; |top_level|data_memory:mem_datos|memoria[220][6]        ;
; 10:1               ; 8 bits    ; 48 LEs        ; 16 LEs               ; 32 LEs                 ; Yes        ; |top_level|data_memory:mem_datos|memoria[219][7]        ;
; 10:1               ; 8 bits    ; 48 LEs        ; 16 LEs               ; 32 LEs                 ; Yes        ; |top_level|data_memory:mem_datos|memoria[218][5]        ;
; 10:1               ; 8 bits    ; 48 LEs        ; 16 LEs               ; 32 LEs                 ; Yes        ; |top_level|data_memory:mem_datos|memoria[217][1]        ;
; 10:1               ; 8 bits    ; 48 LEs        ; 16 LEs               ; 32 LEs                 ; Yes        ; |top_level|data_memory:mem_datos|memoria[216][2]        ;
; 10:1               ; 8 bits    ; 48 LEs        ; 16 LEs               ; 32 LEs                 ; Yes        ; |top_level|data_memory:mem_datos|memoria[215][0]        ;
; 10:1               ; 8 bits    ; 48 LEs        ; 16 LEs               ; 32 LEs                 ; Yes        ; |top_level|data_memory:mem_datos|memoria[214][4]        ;
; 10:1               ; 8 bits    ; 48 LEs        ; 16 LEs               ; 32 LEs                 ; Yes        ; |top_level|data_memory:mem_datos|memoria[213][0]        ;
; 10:1               ; 8 bits    ; 48 LEs        ; 16 LEs               ; 32 LEs                 ; Yes        ; |top_level|data_memory:mem_datos|memoria[212][6]        ;
; 10:1               ; 8 bits    ; 48 LEs        ; 16 LEs               ; 32 LEs                 ; Yes        ; |top_level|data_memory:mem_datos|memoria[211][3]        ;
; 10:1               ; 8 bits    ; 48 LEs        ; 16 LEs               ; 32 LEs                 ; Yes        ; |top_level|data_memory:mem_datos|memoria[210][0]        ;
; 10:1               ; 8 bits    ; 48 LEs        ; 16 LEs               ; 32 LEs                 ; Yes        ; |top_level|data_memory:mem_datos|memoria[209][6]        ;
; 10:1               ; 8 bits    ; 48 LEs        ; 16 LEs               ; 32 LEs                 ; Yes        ; |top_level|data_memory:mem_datos|memoria[208][3]        ;
; 10:1               ; 8 bits    ; 48 LEs        ; 16 LEs               ; 32 LEs                 ; Yes        ; |top_level|data_memory:mem_datos|memoria[207][3]        ;
; 10:1               ; 8 bits    ; 48 LEs        ; 16 LEs               ; 32 LEs                 ; Yes        ; |top_level|data_memory:mem_datos|memoria[206][7]        ;
; 10:1               ; 8 bits    ; 48 LEs        ; 16 LEs               ; 32 LEs                 ; Yes        ; |top_level|data_memory:mem_datos|memoria[205][7]        ;
; 10:1               ; 8 bits    ; 48 LEs        ; 16 LEs               ; 32 LEs                 ; Yes        ; |top_level|data_memory:mem_datos|memoria[204][7]        ;
; 10:1               ; 8 bits    ; 48 LEs        ; 16 LEs               ; 32 LEs                 ; Yes        ; |top_level|data_memory:mem_datos|memoria[203][4]        ;
; 10:1               ; 8 bits    ; 48 LEs        ; 16 LEs               ; 32 LEs                 ; Yes        ; |top_level|data_memory:mem_datos|memoria[202][4]        ;
; 10:1               ; 8 bits    ; 48 LEs        ; 16 LEs               ; 32 LEs                 ; Yes        ; |top_level|data_memory:mem_datos|memoria[201][3]        ;
; 10:1               ; 8 bits    ; 48 LEs        ; 16 LEs               ; 32 LEs                 ; Yes        ; |top_level|data_memory:mem_datos|memoria[200][6]        ;
; 10:1               ; 8 bits    ; 48 LEs        ; 16 LEs               ; 32 LEs                 ; Yes        ; |top_level|data_memory:mem_datos|memoria[199][1]        ;
; 10:1               ; 8 bits    ; 48 LEs        ; 16 LEs               ; 32 LEs                 ; Yes        ; |top_level|data_memory:mem_datos|memoria[198][1]        ;
; 10:1               ; 8 bits    ; 48 LEs        ; 16 LEs               ; 32 LEs                 ; Yes        ; |top_level|data_memory:mem_datos|memoria[197][1]        ;
; 10:1               ; 8 bits    ; 48 LEs        ; 16 LEs               ; 32 LEs                 ; Yes        ; |top_level|data_memory:mem_datos|memoria[196][1]        ;
; 10:1               ; 8 bits    ; 48 LEs        ; 16 LEs               ; 32 LEs                 ; Yes        ; |top_level|data_memory:mem_datos|memoria[195][6]        ;
; 10:1               ; 8 bits    ; 48 LEs        ; 16 LEs               ; 32 LEs                 ; Yes        ; |top_level|data_memory:mem_datos|memoria[194][1]        ;
; 10:1               ; 8 bits    ; 48 LEs        ; 16 LEs               ; 32 LEs                 ; Yes        ; |top_level|data_memory:mem_datos|memoria[193][4]        ;
; 10:1               ; 8 bits    ; 48 LEs        ; 16 LEs               ; 32 LEs                 ; Yes        ; |top_level|data_memory:mem_datos|memoria[192][4]        ;
; 10:1               ; 8 bits    ; 48 LEs        ; 16 LEs               ; 32 LEs                 ; Yes        ; |top_level|data_memory:mem_datos|memoria[191][0]        ;
; 10:1               ; 8 bits    ; 48 LEs        ; 16 LEs               ; 32 LEs                 ; Yes        ; |top_level|data_memory:mem_datos|memoria[190][1]        ;
; 10:1               ; 8 bits    ; 48 LEs        ; 16 LEs               ; 32 LEs                 ; Yes        ; |top_level|data_memory:mem_datos|memoria[189][3]        ;
; 10:1               ; 8 bits    ; 48 LEs        ; 16 LEs               ; 32 LEs                 ; Yes        ; |top_level|data_memory:mem_datos|memoria[188][6]        ;
; 10:1               ; 8 bits    ; 48 LEs        ; 16 LEs               ; 32 LEs                 ; Yes        ; |top_level|data_memory:mem_datos|memoria[187][3]        ;
; 10:1               ; 8 bits    ; 48 LEs        ; 16 LEs               ; 32 LEs                 ; Yes        ; |top_level|data_memory:mem_datos|memoria[186][3]        ;
; 10:1               ; 8 bits    ; 48 LEs        ; 16 LEs               ; 32 LEs                 ; Yes        ; |top_level|data_memory:mem_datos|memoria[185][1]        ;
; 10:1               ; 8 bits    ; 48 LEs        ; 16 LEs               ; 32 LEs                 ; Yes        ; |top_level|data_memory:mem_datos|memoria[184][4]        ;
; 10:1               ; 8 bits    ; 48 LEs        ; 16 LEs               ; 32 LEs                 ; Yes        ; |top_level|data_memory:mem_datos|memoria[183][1]        ;
; 10:1               ; 8 bits    ; 48 LEs        ; 16 LEs               ; 32 LEs                 ; Yes        ; |top_level|data_memory:mem_datos|memoria[182][6]        ;
; 10:1               ; 8 bits    ; 48 LEs        ; 16 LEs               ; 32 LEs                 ; Yes        ; |top_level|data_memory:mem_datos|memoria[181][6]        ;
; 10:1               ; 8 bits    ; 48 LEs        ; 16 LEs               ; 32 LEs                 ; Yes        ; |top_level|data_memory:mem_datos|memoria[180][7]        ;
; 10:1               ; 8 bits    ; 48 LEs        ; 16 LEs               ; 32 LEs                 ; Yes        ; |top_level|data_memory:mem_datos|memoria[179][7]        ;
; 10:1               ; 8 bits    ; 48 LEs        ; 16 LEs               ; 32 LEs                 ; Yes        ; |top_level|data_memory:mem_datos|memoria[178][3]        ;
; 10:1               ; 8 bits    ; 48 LEs        ; 16 LEs               ; 32 LEs                 ; Yes        ; |top_level|data_memory:mem_datos|memoria[177][4]        ;
; 10:1               ; 8 bits    ; 48 LEs        ; 16 LEs               ; 32 LEs                 ; Yes        ; |top_level|data_memory:mem_datos|memoria[176][7]        ;
; 10:1               ; 8 bits    ; 48 LEs        ; 16 LEs               ; 32 LEs                 ; Yes        ; |top_level|data_memory:mem_datos|memoria[175][4]        ;
; 10:1               ; 8 bits    ; 48 LEs        ; 16 LEs               ; 32 LEs                 ; Yes        ; |top_level|data_memory:mem_datos|memoria[174][5]        ;
; 10:1               ; 8 bits    ; 48 LEs        ; 16 LEs               ; 32 LEs                 ; Yes        ; |top_level|data_memory:mem_datos|memoria[173][5]        ;
; 10:1               ; 8 bits    ; 48 LEs        ; 16 LEs               ; 32 LEs                 ; Yes        ; |top_level|data_memory:mem_datos|memoria[172][7]        ;
; 10:1               ; 8 bits    ; 48 LEs        ; 16 LEs               ; 32 LEs                 ; Yes        ; |top_level|data_memory:mem_datos|memoria[171][0]        ;
; 10:1               ; 8 bits    ; 48 LEs        ; 16 LEs               ; 32 LEs                 ; Yes        ; |top_level|data_memory:mem_datos|memoria[170][7]        ;
; 10:1               ; 8 bits    ; 48 LEs        ; 16 LEs               ; 32 LEs                 ; Yes        ; |top_level|data_memory:mem_datos|memoria[169][6]        ;
; 10:1               ; 8 bits    ; 48 LEs        ; 16 LEs               ; 32 LEs                 ; Yes        ; |top_level|data_memory:mem_datos|memoria[168][2]        ;
; 10:1               ; 8 bits    ; 48 LEs        ; 16 LEs               ; 32 LEs                 ; Yes        ; |top_level|data_memory:mem_datos|memoria[167][6]        ;
; 10:1               ; 8 bits    ; 48 LEs        ; 16 LEs               ; 32 LEs                 ; Yes        ; |top_level|data_memory:mem_datos|memoria[166][3]        ;
; 10:1               ; 8 bits    ; 48 LEs        ; 16 LEs               ; 32 LEs                 ; Yes        ; |top_level|data_memory:mem_datos|memoria[165][4]        ;
; 10:1               ; 8 bits    ; 48 LEs        ; 16 LEs               ; 32 LEs                 ; Yes        ; |top_level|data_memory:mem_datos|memoria[164][7]        ;
; 10:1               ; 8 bits    ; 48 LEs        ; 16 LEs               ; 32 LEs                 ; Yes        ; |top_level|data_memory:mem_datos|memoria[163][6]        ;
; 10:1               ; 8 bits    ; 48 LEs        ; 16 LEs               ; 32 LEs                 ; Yes        ; |top_level|data_memory:mem_datos|memoria[162][5]        ;
; 10:1               ; 8 bits    ; 48 LEs        ; 16 LEs               ; 32 LEs                 ; Yes        ; |top_level|data_memory:mem_datos|memoria[161][0]        ;
; 10:1               ; 8 bits    ; 48 LEs        ; 16 LEs               ; 32 LEs                 ; Yes        ; |top_level|data_memory:mem_datos|memoria[160][7]        ;
; 10:1               ; 8 bits    ; 48 LEs        ; 16 LEs               ; 32 LEs                 ; Yes        ; |top_level|data_memory:mem_datos|memoria[159][6]        ;
; 10:1               ; 8 bits    ; 48 LEs        ; 16 LEs               ; 32 LEs                 ; Yes        ; |top_level|data_memory:mem_datos|memoria[158][0]        ;
; 10:1               ; 8 bits    ; 48 LEs        ; 16 LEs               ; 32 LEs                 ; Yes        ; |top_level|data_memory:mem_datos|memoria[157][6]        ;
; 10:1               ; 8 bits    ; 48 LEs        ; 16 LEs               ; 32 LEs                 ; Yes        ; |top_level|data_memory:mem_datos|memoria[156][7]        ;
; 10:1               ; 8 bits    ; 48 LEs        ; 16 LEs               ; 32 LEs                 ; Yes        ; |top_level|data_memory:mem_datos|memoria[155][6]        ;
; 10:1               ; 8 bits    ; 48 LEs        ; 16 LEs               ; 32 LEs                 ; Yes        ; |top_level|data_memory:mem_datos|memoria[154][7]        ;
; 10:1               ; 8 bits    ; 48 LEs        ; 16 LEs               ; 32 LEs                 ; Yes        ; |top_level|data_memory:mem_datos|memoria[153][3]        ;
; 10:1               ; 8 bits    ; 48 LEs        ; 16 LEs               ; 32 LEs                 ; Yes        ; |top_level|data_memory:mem_datos|memoria[152][7]        ;
; 10:1               ; 8 bits    ; 48 LEs        ; 16 LEs               ; 32 LEs                 ; Yes        ; |top_level|data_memory:mem_datos|memoria[151][5]        ;
; 10:1               ; 8 bits    ; 48 LEs        ; 16 LEs               ; 32 LEs                 ; Yes        ; |top_level|data_memory:mem_datos|memoria[150][1]        ;
; 10:1               ; 8 bits    ; 48 LEs        ; 16 LEs               ; 32 LEs                 ; Yes        ; |top_level|data_memory:mem_datos|memoria[149][2]        ;
; 10:1               ; 8 bits    ; 48 LEs        ; 16 LEs               ; 32 LEs                 ; Yes        ; |top_level|data_memory:mem_datos|memoria[148][3]        ;
; 10:1               ; 8 bits    ; 48 LEs        ; 16 LEs               ; 32 LEs                 ; Yes        ; |top_level|data_memory:mem_datos|memoria[147][6]        ;
; 10:1               ; 8 bits    ; 48 LEs        ; 16 LEs               ; 32 LEs                 ; Yes        ; |top_level|data_memory:mem_datos|memoria[146][6]        ;
; 10:1               ; 8 bits    ; 48 LEs        ; 16 LEs               ; 32 LEs                 ; Yes        ; |top_level|data_memory:mem_datos|memoria[145][1]        ;
; 10:1               ; 8 bits    ; 48 LEs        ; 16 LEs               ; 32 LEs                 ; Yes        ; |top_level|data_memory:mem_datos|memoria[144][6]        ;
; 10:1               ; 8 bits    ; 48 LEs        ; 16 LEs               ; 32 LEs                 ; Yes        ; |top_level|data_memory:mem_datos|memoria[143][4]        ;
; 10:1               ; 8 bits    ; 48 LEs        ; 16 LEs               ; 32 LEs                 ; Yes        ; |top_level|data_memory:mem_datos|memoria[142][0]        ;
; 10:1               ; 8 bits    ; 48 LEs        ; 16 LEs               ; 32 LEs                 ; Yes        ; |top_level|data_memory:mem_datos|memoria[141][6]        ;
; 10:1               ; 8 bits    ; 48 LEs        ; 16 LEs               ; 32 LEs                 ; Yes        ; |top_level|data_memory:mem_datos|memoria[140][5]        ;
; 10:1               ; 8 bits    ; 48 LEs        ; 16 LEs               ; 32 LEs                 ; Yes        ; |top_level|data_memory:mem_datos|memoria[139][6]        ;
; 10:1               ; 8 bits    ; 48 LEs        ; 16 LEs               ; 32 LEs                 ; Yes        ; |top_level|data_memory:mem_datos|memoria[138][6]        ;
; 10:1               ; 8 bits    ; 48 LEs        ; 16 LEs               ; 32 LEs                 ; Yes        ; |top_level|data_memory:mem_datos|memoria[137][4]        ;
; 10:1               ; 8 bits    ; 48 LEs        ; 16 LEs               ; 32 LEs                 ; Yes        ; |top_level|data_memory:mem_datos|memoria[136][5]        ;
; 10:1               ; 8 bits    ; 48 LEs        ; 16 LEs               ; 32 LEs                 ; Yes        ; |top_level|data_memory:mem_datos|memoria[135][4]        ;
; 10:1               ; 8 bits    ; 48 LEs        ; 16 LEs               ; 32 LEs                 ; Yes        ; |top_level|data_memory:mem_datos|memoria[134][4]        ;
; 10:1               ; 8 bits    ; 48 LEs        ; 16 LEs               ; 32 LEs                 ; Yes        ; |top_level|data_memory:mem_datos|memoria[133][1]        ;
; 10:1               ; 8 bits    ; 48 LEs        ; 16 LEs               ; 32 LEs                 ; Yes        ; |top_level|data_memory:mem_datos|memoria[132][6]        ;
; 10:1               ; 8 bits    ; 48 LEs        ; 16 LEs               ; 32 LEs                 ; Yes        ; |top_level|data_memory:mem_datos|memoria[131][4]        ;
; 10:1               ; 8 bits    ; 48 LEs        ; 16 LEs               ; 32 LEs                 ; Yes        ; |top_level|data_memory:mem_datos|memoria[130][5]        ;
; 10:1               ; 8 bits    ; 48 LEs        ; 16 LEs               ; 32 LEs                 ; Yes        ; |top_level|data_memory:mem_datos|memoria[129][1]        ;
; 10:1               ; 8 bits    ; 48 LEs        ; 16 LEs               ; 32 LEs                 ; Yes        ; |top_level|data_memory:mem_datos|memoria[128][3]        ;
; 10:1               ; 8 bits    ; 48 LEs        ; 16 LEs               ; 32 LEs                 ; Yes        ; |top_level|data_memory:mem_datos|memoria[127][6]        ;
; 10:1               ; 8 bits    ; 48 LEs        ; 16 LEs               ; 32 LEs                 ; Yes        ; |top_level|data_memory:mem_datos|memoria[126][0]        ;
; 10:1               ; 8 bits    ; 48 LEs        ; 16 LEs               ; 32 LEs                 ; Yes        ; |top_level|data_memory:mem_datos|memoria[125][0]        ;
; 10:1               ; 8 bits    ; 48 LEs        ; 16 LEs               ; 32 LEs                 ; Yes        ; |top_level|data_memory:mem_datos|memoria[124][1]        ;
; 10:1               ; 8 bits    ; 48 LEs        ; 16 LEs               ; 32 LEs                 ; Yes        ; |top_level|data_memory:mem_datos|memoria[123][7]        ;
; 10:1               ; 8 bits    ; 48 LEs        ; 16 LEs               ; 32 LEs                 ; Yes        ; |top_level|data_memory:mem_datos|memoria[122][7]        ;
; 10:1               ; 8 bits    ; 48 LEs        ; 16 LEs               ; 32 LEs                 ; Yes        ; |top_level|data_memory:mem_datos|memoria[121][5]        ;
; 10:1               ; 8 bits    ; 48 LEs        ; 16 LEs               ; 32 LEs                 ; Yes        ; |top_level|data_memory:mem_datos|memoria[120][5]        ;
; 10:1               ; 8 bits    ; 48 LEs        ; 16 LEs               ; 32 LEs                 ; Yes        ; |top_level|data_memory:mem_datos|memoria[119][5]        ;
; 10:1               ; 8 bits    ; 48 LEs        ; 16 LEs               ; 32 LEs                 ; Yes        ; |top_level|data_memory:mem_datos|memoria[118][5]        ;
; 10:1               ; 8 bits    ; 48 LEs        ; 16 LEs               ; 32 LEs                 ; Yes        ; |top_level|data_memory:mem_datos|memoria[117][4]        ;
; 10:1               ; 8 bits    ; 48 LEs        ; 16 LEs               ; 32 LEs                 ; Yes        ; |top_level|data_memory:mem_datos|memoria[116][6]        ;
; 10:1               ; 8 bits    ; 48 LEs        ; 16 LEs               ; 32 LEs                 ; Yes        ; |top_level|data_memory:mem_datos|memoria[115][1]        ;
; 10:1               ; 8 bits    ; 48 LEs        ; 16 LEs               ; 32 LEs                 ; Yes        ; |top_level|data_memory:mem_datos|memoria[114][6]        ;
; 10:1               ; 8 bits    ; 48 LEs        ; 16 LEs               ; 32 LEs                 ; Yes        ; |top_level|data_memory:mem_datos|memoria[113][5]        ;
; 10:1               ; 8 bits    ; 48 LEs        ; 16 LEs               ; 32 LEs                 ; Yes        ; |top_level|data_memory:mem_datos|memoria[112][3]        ;
; 10:1               ; 8 bits    ; 48 LEs        ; 16 LEs               ; 32 LEs                 ; Yes        ; |top_level|data_memory:mem_datos|memoria[111][3]        ;
; 10:1               ; 8 bits    ; 48 LEs        ; 16 LEs               ; 32 LEs                 ; Yes        ; |top_level|data_memory:mem_datos|memoria[110][4]        ;
; 10:1               ; 8 bits    ; 48 LEs        ; 16 LEs               ; 32 LEs                 ; Yes        ; |top_level|data_memory:mem_datos|memoria[109][4]        ;
; 10:1               ; 8 bits    ; 48 LEs        ; 16 LEs               ; 32 LEs                 ; Yes        ; |top_level|data_memory:mem_datos|memoria[108][4]        ;
; 10:1               ; 8 bits    ; 48 LEs        ; 16 LEs               ; 32 LEs                 ; Yes        ; |top_level|data_memory:mem_datos|memoria[107][7]        ;
; 10:1               ; 8 bits    ; 48 LEs        ; 16 LEs               ; 32 LEs                 ; Yes        ; |top_level|data_memory:mem_datos|memoria[106][6]        ;
; 10:1               ; 8 bits    ; 48 LEs        ; 16 LEs               ; 32 LEs                 ; Yes        ; |top_level|data_memory:mem_datos|memoria[105][6]        ;
; 10:1               ; 8 bits    ; 48 LEs        ; 16 LEs               ; 32 LEs                 ; Yes        ; |top_level|data_memory:mem_datos|memoria[104][7]        ;
; 10:1               ; 8 bits    ; 48 LEs        ; 16 LEs               ; 32 LEs                 ; Yes        ; |top_level|data_memory:mem_datos|memoria[103][0]        ;
; 10:1               ; 8 bits    ; 48 LEs        ; 16 LEs               ; 32 LEs                 ; Yes        ; |top_level|data_memory:mem_datos|memoria[102][1]        ;
; 10:1               ; 8 bits    ; 48 LEs        ; 16 LEs               ; 32 LEs                 ; Yes        ; |top_level|data_memory:mem_datos|memoria[101][7]        ;
; 10:1               ; 8 bits    ; 48 LEs        ; 16 LEs               ; 32 LEs                 ; Yes        ; |top_level|data_memory:mem_datos|memoria[100][3]        ;
; 10:1               ; 8 bits    ; 48 LEs        ; 16 LEs               ; 32 LEs                 ; Yes        ; |top_level|data_memory:mem_datos|memoria[99][7]         ;
; 10:1               ; 8 bits    ; 48 LEs        ; 16 LEs               ; 32 LEs                 ; Yes        ; |top_level|data_memory:mem_datos|memoria[98][2]         ;
; 10:1               ; 8 bits    ; 48 LEs        ; 16 LEs               ; 32 LEs                 ; Yes        ; |top_level|data_memory:mem_datos|memoria[97][1]         ;
; 10:1               ; 8 bits    ; 48 LEs        ; 16 LEs               ; 32 LEs                 ; Yes        ; |top_level|data_memory:mem_datos|memoria[96][1]         ;
; 10:1               ; 8 bits    ; 48 LEs        ; 16 LEs               ; 32 LEs                 ; Yes        ; |top_level|data_memory:mem_datos|memoria[95][2]         ;
; 10:1               ; 8 bits    ; 48 LEs        ; 16 LEs               ; 32 LEs                 ; Yes        ; |top_level|data_memory:mem_datos|memoria[94][3]         ;
; 10:1               ; 8 bits    ; 48 LEs        ; 16 LEs               ; 32 LEs                 ; Yes        ; |top_level|data_memory:mem_datos|memoria[93][1]         ;
; 10:1               ; 8 bits    ; 48 LEs        ; 16 LEs               ; 32 LEs                 ; Yes        ; |top_level|data_memory:mem_datos|memoria[92][4]         ;
; 10:1               ; 8 bits    ; 48 LEs        ; 16 LEs               ; 32 LEs                 ; Yes        ; |top_level|data_memory:mem_datos|memoria[91][5]         ;
; 10:1               ; 8 bits    ; 48 LEs        ; 16 LEs               ; 32 LEs                 ; Yes        ; |top_level|data_memory:mem_datos|memoria[90][7]         ;
; 10:1               ; 8 bits    ; 48 LEs        ; 16 LEs               ; 32 LEs                 ; Yes        ; |top_level|data_memory:mem_datos|memoria[89][6]         ;
; 10:1               ; 8 bits    ; 48 LEs        ; 16 LEs               ; 32 LEs                 ; Yes        ; |top_level|data_memory:mem_datos|memoria[88][6]         ;
; 10:1               ; 8 bits    ; 48 LEs        ; 16 LEs               ; 32 LEs                 ; Yes        ; |top_level|data_memory:mem_datos|memoria[87][4]         ;
; 10:1               ; 8 bits    ; 48 LEs        ; 16 LEs               ; 32 LEs                 ; Yes        ; |top_level|data_memory:mem_datos|memoria[86][0]         ;
; 10:1               ; 8 bits    ; 48 LEs        ; 16 LEs               ; 32 LEs                 ; Yes        ; |top_level|data_memory:mem_datos|memoria[85][6]         ;
; 10:1               ; 8 bits    ; 48 LEs        ; 16 LEs               ; 32 LEs                 ; Yes        ; |top_level|data_memory:mem_datos|memoria[84][7]         ;
; 10:1               ; 8 bits    ; 48 LEs        ; 16 LEs               ; 32 LEs                 ; Yes        ; |top_level|data_memory:mem_datos|memoria[83][6]         ;
; 10:1               ; 8 bits    ; 48 LEs        ; 16 LEs               ; 32 LEs                 ; Yes        ; |top_level|data_memory:mem_datos|memoria[82][2]         ;
; 10:1               ; 8 bits    ; 48 LEs        ; 16 LEs               ; 32 LEs                 ; Yes        ; |top_level|data_memory:mem_datos|memoria[81][7]         ;
; 10:1               ; 8 bits    ; 48 LEs        ; 16 LEs               ; 32 LEs                 ; Yes        ; |top_level|data_memory:mem_datos|memoria[80][6]         ;
; 10:1               ; 8 bits    ; 48 LEs        ; 16 LEs               ; 32 LEs                 ; Yes        ; |top_level|data_memory:mem_datos|memoria[79][0]         ;
; 10:1               ; 8 bits    ; 48 LEs        ; 16 LEs               ; 32 LEs                 ; Yes        ; |top_level|data_memory:mem_datos|memoria[78][7]         ;
; 10:1               ; 8 bits    ; 48 LEs        ; 16 LEs               ; 32 LEs                 ; Yes        ; |top_level|data_memory:mem_datos|memoria[77][0]         ;
; 10:1               ; 8 bits    ; 48 LEs        ; 16 LEs               ; 32 LEs                 ; Yes        ; |top_level|data_memory:mem_datos|memoria[76][7]         ;
; 10:1               ; 8 bits    ; 48 LEs        ; 16 LEs               ; 32 LEs                 ; Yes        ; |top_level|data_memory:mem_datos|memoria[75][6]         ;
; 10:1               ; 8 bits    ; 48 LEs        ; 16 LEs               ; 32 LEs                 ; Yes        ; |top_level|data_memory:mem_datos|memoria[74][1]         ;
; 10:1               ; 8 bits    ; 48 LEs        ; 16 LEs               ; 32 LEs                 ; Yes        ; |top_level|data_memory:mem_datos|memoria[73][3]         ;
; 10:1               ; 8 bits    ; 48 LEs        ; 16 LEs               ; 32 LEs                 ; Yes        ; |top_level|data_memory:mem_datos|memoria[72][6]         ;
; 10:1               ; 8 bits    ; 48 LEs        ; 16 LEs               ; 32 LEs                 ; Yes        ; |top_level|data_memory:mem_datos|memoria[71][1]         ;
; 10:1               ; 8 bits    ; 48 LEs        ; 16 LEs               ; 32 LEs                 ; Yes        ; |top_level|data_memory:mem_datos|memoria[70][4]         ;
; 10:1               ; 8 bits    ; 48 LEs        ; 16 LEs               ; 32 LEs                 ; Yes        ; |top_level|data_memory:mem_datos|memoria[69][0]         ;
; 10:1               ; 8 bits    ; 48 LEs        ; 16 LEs               ; 32 LEs                 ; Yes        ; |top_level|data_memory:mem_datos|memoria[68][1]         ;
; 10:1               ; 8 bits    ; 48 LEs        ; 16 LEs               ; 32 LEs                 ; Yes        ; |top_level|data_memory:mem_datos|memoria[67][2]         ;
; 10:1               ; 8 bits    ; 48 LEs        ; 16 LEs               ; 32 LEs                 ; Yes        ; |top_level|data_memory:mem_datos|memoria[66][1]         ;
; 10:1               ; 8 bits    ; 48 LEs        ; 16 LEs               ; 32 LEs                 ; Yes        ; |top_level|data_memory:mem_datos|memoria[65][6]         ;
; 10:1               ; 8 bits    ; 48 LEs        ; 16 LEs               ; 32 LEs                 ; Yes        ; |top_level|data_memory:mem_datos|memoria[64][0]         ;
; 10:1               ; 8 bits    ; 48 LEs        ; 16 LEs               ; 32 LEs                 ; Yes        ; |top_level|data_memory:mem_datos|memoria[63][6]         ;
; 10:1               ; 8 bits    ; 48 LEs        ; 16 LEs               ; 32 LEs                 ; Yes        ; |top_level|data_memory:mem_datos|memoria[62][0]         ;
; 10:1               ; 8 bits    ; 48 LEs        ; 16 LEs               ; 32 LEs                 ; Yes        ; |top_level|data_memory:mem_datos|memoria[61][4]         ;
; 10:1               ; 8 bits    ; 48 LEs        ; 16 LEs               ; 32 LEs                 ; Yes        ; |top_level|data_memory:mem_datos|memoria[60][2]         ;
; 10:1               ; 8 bits    ; 48 LEs        ; 16 LEs               ; 32 LEs                 ; Yes        ; |top_level|data_memory:mem_datos|memoria[59][2]         ;
; 10:1               ; 8 bits    ; 48 LEs        ; 16 LEs               ; 32 LEs                 ; Yes        ; |top_level|data_memory:mem_datos|memoria[58][3]         ;
; 10:1               ; 8 bits    ; 48 LEs        ; 16 LEs               ; 32 LEs                 ; Yes        ; |top_level|data_memory:mem_datos|memoria[57][2]         ;
; 10:1               ; 8 bits    ; 48 LEs        ; 16 LEs               ; 32 LEs                 ; Yes        ; |top_level|data_memory:mem_datos|memoria[56][2]         ;
; 10:1               ; 8 bits    ; 48 LEs        ; 16 LEs               ; 32 LEs                 ; Yes        ; |top_level|data_memory:mem_datos|memoria[55][5]         ;
; 10:1               ; 8 bits    ; 48 LEs        ; 16 LEs               ; 32 LEs                 ; Yes        ; |top_level|data_memory:mem_datos|memoria[54][6]         ;
; 10:1               ; 8 bits    ; 48 LEs        ; 16 LEs               ; 32 LEs                 ; Yes        ; |top_level|data_memory:mem_datos|memoria[53][2]         ;
; 10:1               ; 8 bits    ; 48 LEs        ; 16 LEs               ; 32 LEs                 ; Yes        ; |top_level|data_memory:mem_datos|memoria[52][6]         ;
; 10:1               ; 8 bits    ; 48 LEs        ; 16 LEs               ; 32 LEs                 ; Yes        ; |top_level|data_memory:mem_datos|memoria[51][4]         ;
; 10:1               ; 8 bits    ; 48 LEs        ; 16 LEs               ; 32 LEs                 ; Yes        ; |top_level|data_memory:mem_datos|memoria[50][3]         ;
; 10:1               ; 8 bits    ; 48 LEs        ; 16 LEs               ; 32 LEs                 ; Yes        ; |top_level|data_memory:mem_datos|memoria[49][0]         ;
; 10:1               ; 8 bits    ; 48 LEs        ; 16 LEs               ; 32 LEs                 ; Yes        ; |top_level|data_memory:mem_datos|memoria[48][0]         ;
; 10:1               ; 8 bits    ; 48 LEs        ; 16 LEs               ; 32 LEs                 ; Yes        ; |top_level|data_memory:mem_datos|memoria[47][7]         ;
; 10:1               ; 8 bits    ; 48 LEs        ; 16 LEs               ; 32 LEs                 ; Yes        ; |top_level|data_memory:mem_datos|memoria[46][4]         ;
; 10:1               ; 8 bits    ; 48 LEs        ; 16 LEs               ; 32 LEs                 ; Yes        ; |top_level|data_memory:mem_datos|memoria[45][6]         ;
; 10:1               ; 8 bits    ; 48 LEs        ; 16 LEs               ; 32 LEs                 ; Yes        ; |top_level|data_memory:mem_datos|memoria[44][7]         ;
; 10:1               ; 8 bits    ; 48 LEs        ; 16 LEs               ; 32 LEs                 ; Yes        ; |top_level|data_memory:mem_datos|memoria[43][2]         ;
; 10:1               ; 8 bits    ; 48 LEs        ; 16 LEs               ; 32 LEs                 ; Yes        ; |top_level|data_memory:mem_datos|memoria[42][7]         ;
; 10:1               ; 8 bits    ; 48 LEs        ; 16 LEs               ; 32 LEs                 ; Yes        ; |top_level|data_memory:mem_datos|memoria[41][5]         ;
; 10:1               ; 8 bits    ; 48 LEs        ; 16 LEs               ; 32 LEs                 ; Yes        ; |top_level|data_memory:mem_datos|memoria[40][3]         ;
; 10:1               ; 8 bits    ; 48 LEs        ; 16 LEs               ; 32 LEs                 ; Yes        ; |top_level|data_memory:mem_datos|memoria[39][3]         ;
; 10:1               ; 8 bits    ; 48 LEs        ; 16 LEs               ; 32 LEs                 ; Yes        ; |top_level|data_memory:mem_datos|memoria[38][1]         ;
; 10:1               ; 8 bits    ; 48 LEs        ; 16 LEs               ; 32 LEs                 ; Yes        ; |top_level|data_memory:mem_datos|memoria[37][0]         ;
; 10:1               ; 8 bits    ; 48 LEs        ; 16 LEs               ; 32 LEs                 ; Yes        ; |top_level|data_memory:mem_datos|memoria[36][2]         ;
; 10:1               ; 8 bits    ; 48 LEs        ; 16 LEs               ; 32 LEs                 ; Yes        ; |top_level|data_memory:mem_datos|memoria[35][7]         ;
; 10:1               ; 8 bits    ; 48 LEs        ; 16 LEs               ; 32 LEs                 ; Yes        ; |top_level|data_memory:mem_datos|memoria[34][6]         ;
; 10:1               ; 8 bits    ; 48 LEs        ; 16 LEs               ; 32 LEs                 ; Yes        ; |top_level|data_memory:mem_datos|memoria[33][3]         ;
; 10:1               ; 8 bits    ; 48 LEs        ; 16 LEs               ; 32 LEs                 ; Yes        ; |top_level|data_memory:mem_datos|memoria[32][2]         ;
; 10:1               ; 8 bits    ; 48 LEs        ; 16 LEs               ; 32 LEs                 ; Yes        ; |top_level|data_memory:mem_datos|memoria[31][0]         ;
; 10:1               ; 8 bits    ; 48 LEs        ; 16 LEs               ; 32 LEs                 ; Yes        ; |top_level|data_memory:mem_datos|memoria[30][3]         ;
; 10:1               ; 8 bits    ; 48 LEs        ; 16 LEs               ; 32 LEs                 ; Yes        ; |top_level|data_memory:mem_datos|memoria[29][6]         ;
; 10:1               ; 8 bits    ; 48 LEs        ; 16 LEs               ; 32 LEs                 ; Yes        ; |top_level|data_memory:mem_datos|memoria[28][2]         ;
; 10:1               ; 8 bits    ; 48 LEs        ; 16 LEs               ; 32 LEs                 ; Yes        ; |top_level|data_memory:mem_datos|memoria[27][2]         ;
; 10:1               ; 8 bits    ; 48 LEs        ; 16 LEs               ; 32 LEs                 ; Yes        ; |top_level|data_memory:mem_datos|memoria[26][1]         ;
; 10:1               ; 8 bits    ; 48 LEs        ; 16 LEs               ; 32 LEs                 ; Yes        ; |top_level|data_memory:mem_datos|memoria[25][6]         ;
; 10:1               ; 8 bits    ; 48 LEs        ; 16 LEs               ; 32 LEs                 ; Yes        ; |top_level|data_memory:mem_datos|memoria[24][5]         ;
; 10:1               ; 8 bits    ; 48 LEs        ; 16 LEs               ; 32 LEs                 ; Yes        ; |top_level|data_memory:mem_datos|memoria[23][4]         ;
; 10:1               ; 8 bits    ; 48 LEs        ; 16 LEs               ; 32 LEs                 ; Yes        ; |top_level|data_memory:mem_datos|memoria[22][5]         ;
; 10:1               ; 8 bits    ; 48 LEs        ; 16 LEs               ; 32 LEs                 ; Yes        ; |top_level|data_memory:mem_datos|memoria[21][6]         ;
; 10:1               ; 8 bits    ; 48 LEs        ; 16 LEs               ; 32 LEs                 ; Yes        ; |top_level|data_memory:mem_datos|memoria[20][3]         ;
; 10:1               ; 8 bits    ; 48 LEs        ; 16 LEs               ; 32 LEs                 ; Yes        ; |top_level|data_memory:mem_datos|memoria[19][4]         ;
; 10:1               ; 8 bits    ; 48 LEs        ; 16 LEs               ; 32 LEs                 ; Yes        ; |top_level|data_memory:mem_datos|memoria[18][1]         ;
; 10:1               ; 8 bits    ; 48 LEs        ; 16 LEs               ; 32 LEs                 ; Yes        ; |top_level|data_memory:mem_datos|memoria[17][0]         ;
; 10:1               ; 8 bits    ; 48 LEs        ; 16 LEs               ; 32 LEs                 ; Yes        ; |top_level|data_memory:mem_datos|memoria[16][5]         ;
; 10:1               ; 8 bits    ; 48 LEs        ; 16 LEs               ; 32 LEs                 ; Yes        ; |top_level|data_memory:mem_datos|memoria[15][5]         ;
; 10:1               ; 8 bits    ; 48 LEs        ; 16 LEs               ; 32 LEs                 ; Yes        ; |top_level|data_memory:mem_datos|memoria[14][1]         ;
; 10:1               ; 8 bits    ; 48 LEs        ; 16 LEs               ; 32 LEs                 ; Yes        ; |top_level|data_memory:mem_datos|memoria[13][6]         ;
; 10:1               ; 8 bits    ; 48 LEs        ; 16 LEs               ; 32 LEs                 ; Yes        ; |top_level|data_memory:mem_datos|memoria[12][7]         ;
; 10:1               ; 8 bits    ; 48 LEs        ; 16 LEs               ; 32 LEs                 ; Yes        ; |top_level|data_memory:mem_datos|memoria[11][0]         ;
; 10:1               ; 8 bits    ; 48 LEs        ; 16 LEs               ; 32 LEs                 ; Yes        ; |top_level|data_memory:mem_datos|memoria[10][5]         ;
; 10:1               ; 8 bits    ; 48 LEs        ; 16 LEs               ; 32 LEs                 ; Yes        ; |top_level|data_memory:mem_datos|memoria[9][5]          ;
; 10:1               ; 8 bits    ; 48 LEs        ; 16 LEs               ; 32 LEs                 ; Yes        ; |top_level|data_memory:mem_datos|memoria[8][5]          ;
; 10:1               ; 8 bits    ; 48 LEs        ; 16 LEs               ; 32 LEs                 ; Yes        ; |top_level|data_memory:mem_datos|memoria[7][5]          ;
; 10:1               ; 8 bits    ; 48 LEs        ; 16 LEs               ; 32 LEs                 ; Yes        ; |top_level|data_memory:mem_datos|memoria[6][4]          ;
; 10:1               ; 8 bits    ; 48 LEs        ; 16 LEs               ; 32 LEs                 ; Yes        ; |top_level|data_memory:mem_datos|memoria[5][6]          ;
; 10:1               ; 8 bits    ; 48 LEs        ; 16 LEs               ; 32 LEs                 ; Yes        ; |top_level|data_memory:mem_datos|memoria[4][5]          ;
; 10:1               ; 8 bits    ; 48 LEs        ; 16 LEs               ; 32 LEs                 ; Yes        ; |top_level|data_memory:mem_datos|memoria[3][4]          ;
; 4:1                ; 2 bits    ; 4 LEs         ; 4 LEs                ; 0 LEs                  ; No         ; |top_level|display_mux:mux_display|Mux31                ;
; 4:1                ; 21 bits   ; 42 LEs        ; 42 LEs               ; 0 LEs                  ; No         ; |top_level|display_mux:mux_display|Mux10                ;
; 4:1                ; 4 bits    ; 8 LEs         ; 8 LEs                ; 0 LEs                  ; No         ; |top_level|alu:unidad_alu|ShiftLeft0                    ;
; 4:1                ; 4 bits    ; 8 LEs         ; 8 LEs                ; 0 LEs                  ; No         ; |top_level|alu:unidad_alu|ShiftLeft0                    ;
; 4:1                ; 4 bits    ; 8 LEs         ; 8 LEs                ; 0 LEs                  ; No         ; |top_level|alu:unidad_alu|ShiftLeft0                    ;
; 4:1                ; 4 bits    ; 8 LEs         ; 8 LEs                ; 0 LEs                  ; No         ; |top_level|alu:unidad_alu|ShiftRight0                   ;
; 4:1                ; 4 bits    ; 8 LEs         ; 8 LEs                ; 0 LEs                  ; No         ; |top_level|alu:unidad_alu|ShiftRight1                   ;
; 4:1                ; 2 bits    ; 4 LEs         ; 4 LEs                ; 0 LEs                  ; No         ; |top_level|alu:unidad_alu|ShiftLeft0                    ;
; 4:1                ; 49 bits   ; 98 LEs        ; 98 LEs               ; 0 LEs                  ; No         ; |top_level|alu:unidad_alu|ShiftRight1                   ;
; 4:1                ; 72 bits   ; 144 LEs       ; 144 LEs              ; 0 LEs                  ; No         ; |top_level|data_memory:mem_datos|Mux2054                ;
; 8:1                ; 5 bits    ; 25 LEs        ; 15 LEs               ; 10 LEs                 ; No         ; |top_level|immediate_generator:gen_inmediato|Selector1  ;
; 33:1               ; 32 bits   ; 704 LEs       ; 704 LEs              ; 0 LEs                  ; No         ; |top_level|register_file:banco_registros|read_data2[16] ;
; 33:1               ; 32 bits   ; 704 LEs       ; 704 LEs              ; 0 LEs                  ; No         ; |top_level|register_file:banco_registros|read_data1[3]  ;
; 8:1                ; 7 bits    ; 35 LEs        ; 35 LEs               ; 0 LEs                  ; No         ; |top_level|dato_writeback[9]                            ;
; 9:1                ; 8 bits    ; 48 LEs        ; 48 LEs               ; 0 LEs                  ; No         ; |top_level|dato_writeback[23]                           ;
; 10:1               ; 16 bits   ; 96 LEs        ; 96 LEs               ; 0 LEs                  ; No         ; |top_level|data_memory:mem_datos|Mux2054                ;
; 10:1               ; 16 bits   ; 96 LEs        ; 96 LEs               ; 0 LEs                  ; No         ; |top_level|data_memory:mem_datos|Mux2051                ;
; 21:1               ; 5 bits    ; 70 LEs        ; 45 LEs               ; 25 LEs                 ; No         ; |top_level|alu:unidad_alu|Mux25                         ;
; 22:1               ; 7 bits    ; 98 LEs        ; 70 LEs               ; 28 LEs                 ; No         ; |top_level|alu:unidad_alu|Mux14                         ;
; 23:1               ; 2 bits    ; 30 LEs        ; 20 LEs               ; 10 LEs                 ; No         ; |top_level|alu:unidad_alu|Mux21                         ;
; 21:1               ; 3 bits    ; 42 LEs        ; 27 LEs               ; 15 LEs                 ; No         ; |top_level|alu:unidad_alu|Mux17                         ;
; 16:1               ; 72 bits   ; 720 LEs       ; 720 LEs              ; 0 LEs                  ; No         ; |top_level|data_memory:mem_datos|Mux2052                ;
; 24:1               ; 3 bits    ; 48 LEs        ; 33 LEs               ; 15 LEs                 ; No         ; |top_level|alu:unidad_alu|Mux28                         ;
; 17:1               ; 7 bits    ; 77 LEs        ; 70 LEs               ; 7 LEs                  ; No         ; |top_level|dato_writeback[6]                            ;
; 41:1               ; 2 bits    ; 54 LEs        ; 44 LEs               ; 10 LEs                 ; No         ; |top_level|dato_writeback[25]                           ;
; 42:1               ; 3 bits    ; 84 LEs        ; 69 LEs               ; 15 LEs                 ; No         ; |top_level|dato_writeback[29]                           ;
; 64:1               ; 8 bits    ; 336 LEs       ; 336 LEs              ; 0 LEs                  ; No         ; |top_level|data_memory:mem_datos|Mux2053                ;
+--------------------+-----------+---------------+----------------------+------------------------+------------+---------------------------------------------------------+


+---------------------------------------------------------------------------------------------------------------------------------+
; Port Connectivity Checks: "display_mux:mux_display"                                                                             ;
+-----------------------+--------+----------+-------------------------------------------------------------------------------------+
; Port                  ; Type   ; Severity ; Details                                                                             ;
+-----------------------+--------+----------+-------------------------------------------------------------------------------------+
; display_value[31..24] ; Output ; Info     ; Connected to dangling logic. Logic that only feeds a dangling port will be removed. ;
+-----------------------+--------+----------+-------------------------------------------------------------------------------------+


+---------------------------------------------------------------------------------------------------------------------+
; Port Connectivity Checks: "alu:unidad_alu"                                                                          ;
+-----------+--------+----------+-------------------------------------------------------------------------------------+
; Port      ; Type   ; Severity ; Details                                                                             ;
+-----------+--------+----------+-------------------------------------------------------------------------------------+
; zero_flag ; Output ; Info     ; Connected to dangling logic. Logic that only feeds a dangling port will be removed. ;
+-----------+--------+----------+-------------------------------------------------------------------------------------+


+-----------------------------------------------------+
; Post-Synthesis Netlist Statistics for Top Partition ;
+-----------------------+-----------------------------+
; Type                  ; Count                       ;
+-----------------------+-----------------------------+
; arriav_ff             ; 3062                        ;
;     CLR               ; 22                          ;
;     ENA               ; 2040                        ;
;     ENA CLR           ; 992                         ;
;     ENA SLD           ; 8                           ;
; arriav_lcell_comb     ; 5449                        ;
;     arith             ; 86                          ;
;         0 data inputs ; 1                           ;
;         1 data inputs ; 20                          ;
;         2 data inputs ; 1                           ;
;         5 data inputs ; 64                          ;
;     extend            ; 23                          ;
;         7 data inputs ; 23                          ;
;     normal            ; 5340                        ;
;         1 data inputs ; 7                           ;
;         2 data inputs ; 59                          ;
;         3 data inputs ; 249                         ;
;         4 data inputs ; 269                         ;
;         5 data inputs ; 746                         ;
;         6 data inputs ; 4010                        ;
; boundary_port         ; 56                          ;
;                       ;                             ;
; Max LUT depth         ; 16.00                       ;
; Average LUT depth     ; 11.67                       ;
+-----------------------+-----------------------------+


+-------------------------------+
; Elapsed Time Per Partition    ;
+----------------+--------------+
; Partition Name ; Elapsed Time ;
+----------------+--------------+
; Top            ; 00:00:45     ;
+----------------+--------------+


+-------------------------------+
; Analysis & Synthesis Messages ;
+-------------------------------+
Info: *******************************************************************
Info: Running Quartus Prime Analysis & Synthesis
    Info: Version 24.1std.0 Build 1077 03/04/2025 SC Lite Edition
    Info: Processing started: Tue Nov  4 19:20:46 2025
Info: Command: quartus_map --read_settings_files=on --write_settings_files=off riscvpc -c riscvpc
Warning (18236): Number of processors has not been specified which may cause overloading on shared machines.  Set the global assignment NUM_PARALLEL_PROCESSORS in your QSF to an appropriate value for best performance.
Info (20030): Parallel compilation is enabled and will use 8 of the 8 processors detected
Info (12021): Found 1 design units, including 1 entities, in source file top_level.sv
    Info (12023): Found entity 1: top_level File: C:/Users/santi/is614-/single-cycles1/single-cycles/top_level.sv Line: 1
Info (12021): Found 1 design units, including 1 entities, in source file hex7seg.sv
    Info (12023): Found entity 1: hex7seg File: C:/Users/santi/is614-/single-cycles1/single-cycles/hex7seg.sv Line: 1
Info (12127): Elaborating entity "top_level" for the top level hierarchy
Warning (12125): Using design file program_counter.sv, which is not specified as a design file for the current project, but contains definitions for 1 design units and 1 entities in project
    Info (12023): Found entity 1: program_counter File: C:/Users/santi/is614-/single-cycles1/single-cycles/program_counter.sv Line: 1
Info (12128): Elaborating entity "program_counter" for hierarchy "program_counter:contador_prog" File: C:/Users/santi/is614-/single-cycles1/single-cycles/top_level.sv Line: 35
Warning (12125): Using design file instruction_memory.sv, which is not specified as a design file for the current project, but contains definitions for 1 design units and 1 entities in project
    Info (12023): Found entity 1: instruction_memory File: C:/Users/santi/is614-/single-cycles1/single-cycles/instruction_memory.sv Line: 1
Info (12128): Elaborating entity "instruction_memory" for hierarchy "instruction_memory:mem_instrucciones" File: C:/Users/santi/is614-/single-cycles1/single-cycles/top_level.sv Line: 40
Warning (10850): Verilog HDL warning at instruction_memory.sv(13): number of words (36) in memory file does not match the number of elements in the address range [0:255] File: C:/Users/santi/is614-/single-cycles1/single-cycles/instruction_memory.sv Line: 13
Warning (10030): Net "mem_inst.data_a" at instruction_memory.sv(6) has no driver or initial value, using a default initial value '0' File: C:/Users/santi/is614-/single-cycles1/single-cycles/instruction_memory.sv Line: 6
Warning (10030): Net "mem_inst.waddr_a" at instruction_memory.sv(6) has no driver or initial value, using a default initial value '0' File: C:/Users/santi/is614-/single-cycles1/single-cycles/instruction_memory.sv Line: 6
Warning (10030): Net "mem_inst.we_a" at instruction_memory.sv(6) has no driver or initial value, using a default initial value '0' File: C:/Users/santi/is614-/single-cycles1/single-cycles/instruction_memory.sv Line: 6
Warning (12125): Using design file control_unit.sv, which is not specified as a design file for the current project, but contains definitions for 1 design units and 1 entities in project
    Info (12023): Found entity 1: control_unit File: C:/Users/santi/is614-/single-cycles1/single-cycles/control_unit.sv Line: 1
Info (12128): Elaborating entity "control_unit" for hierarchy "control_unit:unidad_control" File: C:/Users/santi/is614-/single-cycles1/single-cycles/top_level.sv Line: 50
Warning (12125): Using design file register_file.sv, which is not specified as a design file for the current project, but contains definitions for 1 design units and 1 entities in project
    Info (12023): Found entity 1: register_file File: C:/Users/santi/is614-/single-cycles1/single-cycles/register_file.sv Line: 1
Info (12128): Elaborating entity "register_file" for hierarchy "register_file:banco_registros" File: C:/Users/santi/is614-/single-cycles1/single-cycles/top_level.sv Line: 62
Warning (10240): Verilog HDL Always Construct warning at register_file.sv(16): inferring latch(es) for variable "i", which holds its previous value in one or more paths through the always construct File: C:/Users/santi/is614-/single-cycles1/single-cycles/register_file.sv Line: 16
Warning (12125): Using design file immediate_generator.sv, which is not specified as a design file for the current project, but contains definitions for 1 design units and 1 entities in project
    Info (12023): Found entity 1: immediate_generator File: C:/Users/santi/is614-/single-cycles1/single-cycles/immediate_generator.sv Line: 1
Info (12128): Elaborating entity "immediate_generator" for hierarchy "immediate_generator:gen_inmediato" File: C:/Users/santi/is614-/single-cycles1/single-cycles/top_level.sv Line: 67
Warning (12125): Using design file alu.sv, which is not specified as a design file for the current project, but contains definitions for 1 design units and 1 entities in project
    Info (12023): Found entity 1: alu File: C:/Users/santi/is614-/single-cycles1/single-cycles/alu.sv Line: 1
Info (12128): Elaborating entity "alu" for hierarchy "alu:unidad_alu" File: C:/Users/santi/is614-/single-cycles1/single-cycles/top_level.sv Line: 77
Warning (12125): Using design file data_memory.sv, which is not specified as a design file for the current project, but contains definitions for 1 design units and 1 entities in project
    Info (12023): Found entity 1: data_memory File: C:/Users/santi/is614-/single-cycles1/single-cycles/data_memory.sv Line: 1
Info (12128): Elaborating entity "data_memory" for hierarchy "data_memory:mem_datos" File: C:/Users/santi/is614-/single-cycles1/single-cycles/top_level.sv Line: 88
Warning (10270): Verilog HDL Case Statement warning at data_memory.sv(38): incomplete case statement has no default case item File: C:/Users/santi/is614-/single-cycles1/single-cycles/data_memory.sv Line: 38
Warning (12125): Using design file display_mux.sv, which is not specified as a design file for the current project, but contains definitions for 1 design units and 1 entities in project
    Info (12023): Found entity 1: display_mux File: C:/Users/santi/is614-/single-cycles1/single-cycles/display_mux.sv Line: 1
Info (12128): Elaborating entity "display_mux" for hierarchy "display_mux:mux_display" File: C:/Users/santi/is614-/single-cycles1/single-cycles/top_level.sv Line: 99
Info (12128): Elaborating entity "hex7seg" for hierarchy "hex7seg:seg0" File: C:/Users/santi/is614-/single-cycles1/single-cycles/top_level.sv Line: 101
Warning (10272): Verilog HDL Case Statement warning at hex7seg.sv(18): case item expression covers a value already covered by a previous case item File: C:/Users/santi/is614-/single-cycles1/single-cycles/hex7seg.sv Line: 18
Info (286030): Timing-Driven Synthesis is running
Info (17049): 8 registers lost all their fanouts during netlist optimizations.
Info (16010): Generating hard_block partition "hard_block:auto_generated_inst"
    Info (16011): Adding 0 node(s), including 0 DDIO, 0 PLL, 0 transceiver and 0 LCELL
Info (21057): Implemented 6507 device resources after synthesis - the final resource count might be different
    Info (21058): Implemented 4 input pins
    Info (21059): Implemented 52 output pins
    Info (21061): Implemented 6451 logic cells
Info: Quartus Prime Analysis & Synthesis was successful. 0 errors, 16 warnings
    Info: Peak virtual memory: 4962 megabytes
    Info: Processing ended: Tue Nov  4 19:21:39 2025
    Info: Elapsed time: 00:00:53
    Info: Total CPU time (on all processors): 00:01:01


