Assembler report for riscvpc
Wed Nov  5 17:42:13 2025
Quartus Prime Version 24.1std.0 Build 1077 03/04/2025 SC Lite Edition


---------------------
; Table of Contents ;
---------------------
  1. Legal Notice
  2. Assembler Summary
  3. Assembler Settings
  4. Assembler Generated Files
  5. Assembler Device Options: C:/Users/jorge/OneDrive/Documentos/2025-2/Arquitectura de Computadores/Compilador_Assembler/Delta_EPrime_V3.DATAssembler/single-cycleVGA_5Nov/output_files/riscvpc.sof
  6. Assembler Messages



----------------
; Legal Notice ;
----------------
Copyright (C) 2025  Altera Corporation. All rights reserved.
Your use of Altera Corporation's design tools, logic functions 
and other software and tools, and any partner logic 
functions, and any output files from any of the foregoing 
(including device programming or simulation files), and any 
associated documentation or information are expressly subject 
to the terms and conditions of the Altera Program License 
Subscription Agreement, the Altera Quartus Prime License Agreement,
the Altera IP License Agreement, or other applicable license
agreement, including, without limitation, that your use is for
the sole purpose of programming logic devices manufactured by
Altera and sold by Altera or its authorized distributors.  Please
refer to the Altera Software License Subscription Agreements 
on the Quartus Prime software download page.



+---------------------------------------------------------------+
; Assembler Summary                                             ;
+-----------------------+---------------------------------------+
; Assembler Status      ; Successful - Wed Nov  5 17:42:13 2025 ;
; Revision Name         ; riscvpc                               ;
; Top-level Entity Name ; top_level                             ;
; Family                ; Cyclone V                             ;
; Device                ; 5CSEMA5F31C6                          ;
+-----------------------+---------------------------------------+


+----------------------------------+
; Assembler Settings               ;
+--------+---------+---------------+
; Option ; Setting ; Default Value ;
+--------+---------+---------------+


+------------------------------------------------------------------------------------------------------------------------------------------------------------------------+
; Assembler Generated Files                                                                                                                                              ;
+------------------------------------------------------------------------------------------------------------------------------------------------------------------------+
; File Name                                                                                                                                                              ;
+------------------------------------------------------------------------------------------------------------------------------------------------------------------------+
; C:/Users/jorge/OneDrive/Documentos/2025-2/Arquitectura de Computadores/Compilador_Assembler/Delta_EPrime_V3.DATAssembler/single-cycleVGA_5Nov/output_files/riscvpc.sof ;
+------------------------------------------------------------------------------------------------------------------------------------------------------------------------+


+--------------------------------------------------------------------------------------------------------------------------------------------------------------------------------------------------+
; Assembler Device Options: C:/Users/jorge/OneDrive/Documentos/2025-2/Arquitectura de Computadores/Compilador_Assembler/Delta_EPrime_V3.DATAssembler/single-cycleVGA_5Nov/output_files/riscvpc.sof ;
+----------------+---------------------------------------------------------------------------------------------------------------------------------------------------------------------------------+
; Option         ; Setting                                                                                                                                                                         ;
+----------------+---------------------------------------------------------------------------------------------------------------------------------------------------------------------------------+
; JTAG usercode  ; 0x01D612BD                                                                                                                                                                      ;
; Checksum       ; 0x01D612BD                                                                                                                                                                      ;
+----------------+---------------------------------------------------------------------------------------------------------------------------------------------------------------------------------+


+--------------------+
; Assembler Messages ;
+--------------------+
Info: *******************************************************************
Info: Running Quartus Prime Assembler
    Info: Version 24.1std.0 Build 1077 03/04/2025 SC Lite Edition
    Info: Processing started: Wed Nov  5 17:42:01 2025
Info: Command: quartus_asm --read_settings_files=off --write_settings_files=off riscvpc -c riscvpc
Warning (125092): Tcl Script File vgaClock/synthesis/submodules/vgaClock_video_pll_0_video_pll.qip not found
    Info (125063): set_global_assignment -name QIP_FILE vgaClock/synthesis/submodules/vgaClock_video_pll_0_video_pll.qip
Info (115030): Assembler is generating device programming files
Info: Quartus Prime Assembler was successful. 0 errors, 1 warning
    Info: Peak virtual memory: 5321 megabytes
    Info: Processing ended: Wed Nov  5 17:42:13 2025
    Info: Elapsed time: 00:00:12
    Info: Total CPU time (on all processors): 00:00:12


