Info: Start Nativelink Simulation process

========= EDA Simulation Settings =====================

Sim Mode              :  Gate
Family                :  cyclonev
Quartus root          :  c:/intelfpga_lite/24.1std/quartus/bin64/
Quartus sim root      :  c:/intelfpga_lite/24.1std/quartus/eda/sim_lib
Simulation Tool       :  questa intel fpga
Simulation Language   :  verilog
Simulation Mode       :  GUI
Sim Output File       :  top_level.vo
Sim SDF file          :  top_level__verilog.sdo
Sim dir               :  simulation\questa

=======================================================

Info: Starting NativeLink simulation with Questa Intel FPGA software
Sourced NativeLink script c:/intelfpga_lite/24.1std/quartus/common/tcl/internal/nativelink/modelsim.tcl
Probing transcript
Questa Intel FPGA Info: # Reading pref.tcl
Questa Intel FPGA Info: # do top_level_run_msim_gate_verilog.do
Questa Intel FPGA Info: # if {[file exists gate_work]} {
Questa Intel FPGA Info: # 	vdel -lib gate_work -all
Questa Intel FPGA Info: # }
Questa Intel FPGA Info: # vlib gate_work
Questa Intel FPGA Info: # vmap work gate_work
Questa Intel FPGA Info: # Model Technology ModelSim - Intel FPGA Edition vmap 2020.1 Lib Mapping Utility 2020.02 Feb 28 2020
Questa Intel FPGA Info: # vmap work gate_work 
Questa Intel FPGA Info: # Copying C:/intelFPGA/20.1/modelsim_ase/win32aloem/../modelsim.ini to modelsim.ini
Questa Intel FPGA Info: # Modifying modelsim.ini
Questa Intel FPGA Info: # 
Questa Intel FPGA Info: # vlog -vlog01compat -work work +incdir+. {top_level.vo}
Questa Intel FPGA Info: # Model Technology ModelSim - Intel FPGA Edition vlog 2020.1 Compiler 2020.02 Feb 28 2020
Questa Intel FPGA Info: # Start time: 15:13:05 on Aug 26,2025
Questa Intel FPGA Info: # vlog -reportprogress 300 -vlog01compat -work work "+incdir+." top_level.vo 
Questa Intel FPGA Info: # -- Compiling module top_level
Questa Intel FPGA Info: # 
Questa Intel FPGA Info: # Top level modules:
Questa Intel FPGA Info: # 	top_level
Questa Intel FPGA Info: # End time: 15:13:05 on Aug 26,2025, Elapsed time: 0:00:00
Questa Intel FPGA Info: # Errors: 0, Warnings: 0
Questa Intel FPGA Info: # 
Questa Intel FPGA Info: # vlog -vlog01compat -work work +incdir+C:/Users/santi/Arquitectura\ de\ computadores/Laboratorio\ 1/4.2 {C:/Users/santi/Arquitectura de computadores/Laboratorio 1/4.2/tb_top_level.v}
Questa Intel FPGA Info: # Model Technology ModelSim - Intel FPGA Edition vlog 2020.1 Compiler 2020.02 Feb 28 2020
Questa Intel FPGA Info: # Start time: 15:13:05 on Aug 26,2025
Questa Intel FPGA Info: # vlog -reportprogress 300 -vlog01compat -work work "+incdir+C:/Users/santi/Arquitectura de computadores/Laboratorio 1/4.2" C:/Users/santi/Arquitectura de computadores/Laboratorio 1/4.2/tb_top_level.v 
Questa Intel FPGA Info: # -- Compiling module tb_top_level
Questa Intel FPGA Info: # 
Questa Intel FPGA Info: # Top level modules:
Questa Intel FPGA Info: # 	tb_top_level
Questa Intel FPGA Info: # End time: 15:13:06 on Aug 26,2025, Elapsed time: 0:00:01
Questa Intel FPGA Info: # Errors: 0, Warnings: 0
Questa Intel FPGA Info: # 
Questa Intel FPGA Info: # vsim -t 1ps -L altera_ver -L altera_lnsim_ver -L cyclonev_ver -L lpm_ver -L sgate_ver -L cyclonev_hssi_ver -L altera_mf_ver -L cyclonev_pcie_hip_ver -L gate_work -L work -voptargs="+acc"  tb_top_level
Questa Intel FPGA Info: # vsim -t 1ps -L altera_ver -L altera_lnsim_ver -L cyclonev_ver -L lpm_ver -L sgate_ver -L cyclonev_hssi_ver -L altera_mf_ver -L cyclonev_pcie_hip_ver -L gate_work -L work -voptargs=""+acc"" tb_top_level 
Questa Intel FPGA Info: # Start time: 15:13:06 on Aug 26,2025
Questa Intel FPGA Info: # Loading work.tb_top_level
Questa Intel FPGA Info: # Loading work.top_level
Questa Intel FPGA Info: # Loading cyclonev_ver.cyclonev_io_obuf
Questa Intel FPGA Info: # Loading cyclonev_ver.cyclonev_io_ibuf
Questa Intel FPGA Info: # Loading cyclonev_ver.cyclonev_lcell_comb
Questa Intel FPGA Info: # 
Questa Intel FPGA Info: # add wave *
Questa Intel FPGA Info: # view structure
Questa Intel FPGA Info: # .main_pane.structure.interior.cs.body.struct
Questa Intel FPGA Info: # view signals
Questa Intel FPGA Info: # .main_pane.objects.interior.cs.body.tree
Questa Intel FPGA Info: # run 200 ns
Questa Intel FPGA Info: # Ejercicio 4.2 - Display Hexadecimal
Questa Intel FPGA Info: # SW[3:0] | Hex | HEX0
Questa Intel FPGA Info: #   0000  |  00000000  | 1000000
Questa Intel FPGA Info: #   0001  |  00000001  | 1111001
Questa Intel FPGA Info: #   0010  |  00000002  | 0100100
Questa Intel FPGA Info: #   0011  |  00000003  | 0110000
Questa Intel FPGA Info: #   0100  |  00000004  | 0011001
Questa Intel FPGA Info: #   0101  |  00000005  | 0010010
Questa Intel FPGA Info: #   0110  |  00000006  | 0000010
Questa Intel FPGA Info: #   0111  |  00000007  | 1111000
Questa Intel FPGA Info: #   1000  |  00000008  | 0000000
Questa Intel FPGA Info: #   1001  |  00000009  | 0010000
Questa Intel FPGA Info: #   1010  |  0000000a  | 0001000
Questa Intel FPGA Info: #   1011  |  0000000b  | 0000011
Questa Intel FPGA Info: #   1100  |  0000000c  | 1000110
Questa Intel FPGA Info: #   1101  |  0000000d  | 0100001
Questa Intel FPGA Info: #   1110  |  0000000e  | 0000110
Questa Intel FPGA Info: #   1111  |  0000000f  | 0001110
Questa Intel FPGA Info: # ** Note: $finish    : C:/Users/santi/Arquitectura de computadores/Laboratorio 1/4.2/tb_top_level.v(30)
Questa Intel FPGA Info: #    Time: 160 ns  Iteration: 0  Instance: /tb_top_level
Questa Intel FPGA Info: # End time: 15:14:42 on Aug 26,2025, Elapsed time: 0:01:36
Questa Intel FPGA Info: # Errors: 0, Warnings: 0
Info: NativeLink simulation flow was successful
